This file contains any messages produced by compilers while
running configure, to aid debugging if configure makes a mistake.

It was created by INSIGHTv3 configure 1.0, which was
generated by GNU Autoconf 2.68.  Invocation command line was

  $ ./configure --prefix=/home/pavol/bin/INSIGHTv3/INSIGHT

## --------- ##
## Platform. ##
## --------- ##

hostname = pavpa354-pc
uname -m = x86_64
uname -r = 3.13.0-105-generic
uname -s = Linux
uname -v = #152-Ubuntu SMP Fri Dec 2 15:37:11 UTC 2016

/usr/bin/uname -p = unknown
/bin/uname -X     = unknown

/bin/arch              = unknown
/usr/bin/arch -k       = unknown
/usr/convex/getsysinfo = unknown
/usr/bin/hostinfo      = unknown
/bin/machine           = unknown
/usr/bin/oslevel       = unknown
/bin/universe          = unknown

PATH: /home/pavol/bin
PATH: /usr/local/sbin
PATH: /usr/local/bin
PATH: /usr/sbin
PATH: /usr/bin
PATH: /sbin
PATH: /bin
PATH: /usr/games
PATH: /usr/local/games


## ----------- ##
## Core tests. ##
## ----------- ##

configure:2242: checking whether to compile using MPI
configure:2249: result: no
configure:2416: checking for g++
configure:2432: found /usr/bin/g++
configure:2443: result: g++
configure:2470: checking for C++ compiler version
configure:2479: g++ --version >&5
g++ (Ubuntu 4.8.4-2ubuntu1~14.04.3) 4.8.4
Copyright (C) 2013 Free Software Foundation, Inc.
This is free software; see the source for copying conditions.  There is NO
warranty; not even for MERCHANTABILITY or FITNESS FOR A PARTICULAR PURPOSE.

configure:2490: $? = 0
configure:2479: g++ -v >&5
Using built-in specs.
COLLECT_GCC=g++
COLLECT_LTO_WRAPPER=/usr/lib/gcc/x86_64-linux-gnu/4.8/lto-wrapper
Target: x86_64-linux-gnu
Configured with: ../src/configure -v --with-pkgversion='Ubuntu 4.8.4-2ubuntu1~14.04.3' --with-bugurl=file:///usr/share/doc/gcc-4.8/README.Bugs --enable-languages=c,c++,java,go,d,fortran,objc,obj-c++ --prefix=/usr --program-suffix=-4.8 --enable-shared --enable-linker-build-id --libexecdir=/usr/lib --without-included-gettext --enable-threads=posix --with-gxx-include-dir=/usr/include/c++/4.8 --libdir=/usr/lib --enable-nls --with-sysroot=/ --enable-clocale=gnu --enable-libstdcxx-debug --enable-libstdcxx-time=yes --enable-gnu-unique-object --disable-libmudflap --enable-plugin --with-system-zlib --disable-browser-plugin --enable-java-awt=gtk --enable-gtk-cairo --with-java-home=/usr/lib/jvm/java-1.5.0-gcj-4.8-amd64/jre --enable-java-home --with-jvm-root-dir=/usr/lib/jvm/java-1.5.0-gcj-4.8-amd64 --with-jvm-jar-dir=/usr/lib/jvm-exports/java-1.5.0-gcj-4.8-amd64 --with-arch-directory=amd64 --with-ecj-jar=/usr/share/java/eclipse-ecj.jar --enable-objc-gc --enable-multiarch --disable-werror --with-arch-32=i686 --with-abi=m64 --with-multilib-list=m32,m64,mx32 --with-tune=generic --enable-checking=release --build=x86_64-linux-gnu --host=x86_64-linux-gnu --target=x86_64-linux-gnu
Thread model: posix
gcc version 4.8.4 (Ubuntu 4.8.4-2ubuntu1~14.04.3) 
configure:2490: $? = 0
configure:2479: g++ -V >&5
g++: error: unrecognized command line option '-V'
g++: fatal error: no input files
compilation terminated.
configure:2490: $? = 4
configure:2479: g++ -qversion >&5
g++: error: unrecognized command line option '-qversion'
g++: fatal error: no input files
compilation terminated.
configure:2490: $? = 4
configure:2510: checking whether the C++ compiler works
configure:2532: g++    conftest.cpp  >&5
configure:2536: $? = 0
configure:2584: result: yes
configure:2587: checking for C++ compiler default output file name
configure:2589: result: a.out
configure:2595: checking for suffix of executables
configure:2602: g++ -o conftest    conftest.cpp  >&5
configure:2606: $? = 0
configure:2628: result: 
configure:2650: checking whether we are cross compiling
configure:2658: g++ -o conftest    conftest.cpp  >&5
configure:2662: $? = 0
configure:2669: ./conftest
configure:2673: $? = 0
configure:2688: result: no
configure:2693: checking for suffix of object files
configure:2715: g++ -c   conftest.cpp >&5
configure:2719: $? = 0
configure:2740: result: o
configure:2744: checking whether we are using the GNU C++ compiler
configure:2763: g++ -c   conftest.cpp >&5
configure:2763: $? = 0
configure:2772: result: yes
configure:2781: checking whether g++ accepts -g
configure:2801: g++ -c -g  conftest.cpp >&5
configure:2801: $? = 0
configure:2842: result: yes
configure:3034: checking for a BSD-compatible install
configure:3102: result: /usr/bin/install -c
configure:3113: checking whether build environment is sane
configure:3163: result: yes
configure:3304: checking for a thread-safe mkdir -p
configure:3343: result: /bin/mkdir -p
configure:3356: checking for gawk
configure:3372: found /usr/bin/gawk
configure:3383: result: gawk
configure:3394: checking whether make sets $(MAKE)
configure:3416: result: yes
configure:3446: checking for style of include used by make
configure:3474: result: GNU
configure:3560: checking dependency style of g++
configure:3671: result: gcc3
configure:3724: checking build system type
configure:3738: result: x86_64-unknown-linux-gnu
configure:3758: checking host system type
configure:3771: result: x86_64-unknown-linux-gnu
configure:3812: checking how to print strings
configure:3839: result: printf
configure:3908: checking for gcc
configure:3924: found /usr/bin/gcc
configure:3935: result: gcc
configure:4164: checking for C compiler version
configure:4173: gcc --version >&5
gcc (Ubuntu 4.8.4-2ubuntu1~14.04.3) 4.8.4
Copyright (C) 2013 Free Software Foundation, Inc.
This is free software; see the source for copying conditions.  There is NO
warranty; not even for MERCHANTABILITY or FITNESS FOR A PARTICULAR PURPOSE.

configure:4184: $? = 0
configure:4173: gcc -v >&5
Using built-in specs.
COLLECT_GCC=gcc
COLLECT_LTO_WRAPPER=/usr/lib/gcc/x86_64-linux-gnu/4.8/lto-wrapper
Target: x86_64-linux-gnu
Configured with: ../src/configure -v --with-pkgversion='Ubuntu 4.8.4-2ubuntu1~14.04.3' --with-bugurl=file:///usr/share/doc/gcc-4.8/README.Bugs --enable-languages=c,c++,java,go,d,fortran,objc,obj-c++ --prefix=/usr --program-suffix=-4.8 --enable-shared --enable-linker-build-id --libexecdir=/usr/lib --without-included-gettext --enable-threads=posix --with-gxx-include-dir=/usr/include/c++/4.8 --libdir=/usr/lib --enable-nls --with-sysroot=/ --enable-clocale=gnu --enable-libstdcxx-debug --enable-libstdcxx-time=yes --enable-gnu-unique-object --disable-libmudflap --enable-plugin --with-system-zlib --disable-browser-plugin --enable-java-awt=gtk --enable-gtk-cairo --with-java-home=/usr/lib/jvm/java-1.5.0-gcj-4.8-amd64/jre --enable-java-home --with-jvm-root-dir=/usr/lib/jvm/java-1.5.0-gcj-4.8-amd64 --with-jvm-jar-dir=/usr/lib/jvm-exports/java-1.5.0-gcj-4.8-amd64 --with-arch-directory=amd64 --with-ecj-jar=/usr/share/java/eclipse-ecj.jar --enable-objc-gc --enable-multiarch --disable-werror --with-arch-32=i686 --with-abi=m64 --with-multilib-list=m32,m64,mx32 --with-tune=generic --enable-checking=release --build=x86_64-linux-gnu --host=x86_64-linux-gnu --target=x86_64-linux-gnu
Thread model: posix
gcc version 4.8.4 (Ubuntu 4.8.4-2ubuntu1~14.04.3) 
configure:4184: $? = 0
configure:4173: gcc -V >&5
gcc: error: unrecognized command line option '-V'
gcc: fatal error: no input files
compilation terminated.
configure:4184: $? = 4
configure:4173: gcc -qversion >&5
gcc: error: unrecognized command line option '-qversion'
gcc: fatal error: no input files
compilation terminated.
configure:4184: $? = 4
configure:4188: checking whether we are using the GNU C compiler
configure:4207: gcc -c   conftest.c >&5
configure:4207: $? = 0
configure:4216: result: yes
configure:4225: checking whether gcc accepts -g
configure:4245: gcc -c -g  conftest.c >&5
configure:4245: $? = 0
configure:4286: result: yes
configure:4303: checking for gcc option to accept ISO C89
configure:4367: gcc  -c -g -O2  conftest.c >&5
configure:4367: $? = 0
configure:4380: result: none needed
configure:4402: checking dependency style of gcc
configure:4513: result: gcc3
configure:4528: checking for a sed that does not truncate output
configure:4592: result: /bin/sed
configure:4610: checking for grep that handles long lines and -e
configure:4668: result: /bin/grep
configure:4673: checking for egrep
configure:4735: result: /bin/grep -E
configure:4740: checking for fgrep
configure:4802: result: /bin/grep -F
configure:4837: checking for ld used by gcc
configure:4904: result: /usr/bin/ld
configure:4911: checking if the linker (/usr/bin/ld) is GNU ld
configure:4926: result: yes
configure:4938: checking for BSD- or MS-compatible name lister (nm)
configure:4987: result: /usr/bin/nm -B
configure:5117: checking the name lister (/usr/bin/nm -B) interface
configure:5124: g++ -c -g -O2  conftest.cpp >&5
configure:5127: /usr/bin/nm -B "conftest.o"
configure:5130: output
0000000000000000 B some_variable
configure:5137: result: BSD nm
configure:5140: checking whether ln -s works
configure:5144: result: yes
configure:5152: checking the maximum length of command line arguments
configure:5282: result: 1572864
configure:5299: checking whether the shell understands some XSI constructs
configure:5309: result: yes
configure:5313: checking whether the shell understands "+="
configure:5319: result: yes
configure:5354: checking how to convert x86_64-unknown-linux-gnu file names to x86_64-unknown-linux-gnu format
configure:5394: result: func_convert_file_noop
configure:5401: checking how to convert x86_64-unknown-linux-gnu file names to toolchain format
configure:5421: result: func_convert_file_noop
configure:5428: checking for /usr/bin/ld option to reload object files
configure:5435: result: -r
configure:5509: checking for objdump
configure:5525: found /usr/bin/objdump
configure:5536: result: objdump
configure:5568: checking how to recognize dependent libraries
configure:5770: result: pass_all
configure:5855: checking for dlltool
configure:5885: result: no
configure:5915: checking how to associate runtime and link libraries
configure:5942: result: printf %s\n
configure:6002: checking for ar
configure:6018: found /usr/bin/ar
configure:6029: result: ar
configure:6066: checking for archiver @FILE support
configure:6083: g++ -c -g -O2  conftest.cpp >&5
configure:6083: $? = 0
configure:6086: ar cru libconftest.a @conftest.lst >&5
configure:6089: $? = 0
configure:6094: ar cru libconftest.a @conftest.lst >&5
ar: conftest.o: No such file or directory
configure:6097: $? = 1
configure:6109: result: @
configure:6167: checking for strip
configure:6183: found /usr/bin/strip
configure:6194: result: strip
configure:6266: checking for ranlib
configure:6282: found /usr/bin/ranlib
configure:6293: result: ranlib
configure:6395: checking command to parse /usr/bin/nm -B output from gcc object
configure:6515: g++ -c -g -O2  conftest.cpp >&5
configure:6518: $? = 0
configure:6522: /usr/bin/nm -B conftest.o \| sed -n -e 's/^.*[ ]\([ABCDGIRSTW][ABCDGIRSTW]*\)[ ][ ]*\([_A-Za-z][_A-Za-z0-9]*\)$/\1 \2 \2/p' | sed '/ __gnu_lto/d' \> conftest.nm
configure:6525: $? = 0
configure:6591: g++ -o conftest -g -O2   conftest.cpp conftstm.o >&5
configure:6594: $? = 0
configure:6632: result: ok
configure:6669: checking for sysroot
configure:6699: result: no
configure:6777: g++ -c -g -O2  conftest.cpp >&5
configure:6780: $? = 0
configure:6956: checking for mt
configure:6972: found /bin/mt
configure:6983: result: mt
configure:7006: checking if mt is a manifest tool
configure:7012: mt '-?'
configure:7020: result: no
configure:7662: checking how to run the C preprocessor
configure:7693: gcc -E  conftest.c
configure:7693: $? = 0
configure:7707: gcc -E  conftest.c
conftest.c:11:28: fatal error: ac_nonexistent.h: No such file or directory
 #include <ac_nonexistent.h>
                            ^
compilation terminated.
configure:7707: $? = 1
configure: failed program was:
| /* confdefs.h */
| #define PACKAGE_NAME "INSIGHTv3"
| #define PACKAGE_TARNAME "insightv3"
| #define PACKAGE_VERSION "1.0"
| #define PACKAGE_STRING "INSIGHTv3 1.0"
| #define PACKAGE_BUGREPORT "jan.mikelson@bsse.ethz.ch"
| #define PACKAGE_URL ""
| #define PACKAGE "insightv3"
| #define VERSION "1.0"
| /* end confdefs.h.  */
| #include <ac_nonexistent.h>
configure:7732: result: gcc -E
configure:7752: gcc -E  conftest.c
configure:7752: $? = 0
configure:7766: gcc -E  conftest.c
conftest.c:11:28: fatal error: ac_nonexistent.h: No such file or directory
 #include <ac_nonexistent.h>
                            ^
compilation terminated.
configure:7766: $? = 1
configure: failed program was:
| /* confdefs.h */
| #define PACKAGE_NAME "INSIGHTv3"
| #define PACKAGE_TARNAME "insightv3"
| #define PACKAGE_VERSION "1.0"
| #define PACKAGE_STRING "INSIGHTv3 1.0"
| #define PACKAGE_BUGREPORT "jan.mikelson@bsse.ethz.ch"
| #define PACKAGE_URL ""
| #define PACKAGE "insightv3"
| #define VERSION "1.0"
| /* end confdefs.h.  */
| #include <ac_nonexistent.h>
configure:7795: checking for ANSI C header files
configure:7815: gcc -c -g -O2  conftest.c >&5
configure:7815: $? = 0
configure:7888: gcc -o conftest -g -O2   conftest.c  >&5
configure:7888: $? = 0
configure:7888: ./conftest
configure:7888: $? = 0
configure:7899: result: yes
configure:7912: checking for sys/types.h
configure:7912: gcc -c -g -O2  conftest.c >&5
configure:7912: $? = 0
configure:7912: result: yes
configure:7912: checking for sys/stat.h
configure:7912: gcc -c -g -O2  conftest.c >&5
configure:7912: $? = 0
configure:7912: result: yes
configure:7912: checking for stdlib.h
configure:7912: gcc -c -g -O2  conftest.c >&5
configure:7912: $? = 0
configure:7912: result: yes
configure:7912: checking for string.h
configure:7912: gcc -c -g -O2  conftest.c >&5
configure:7912: $? = 0
configure:7912: result: yes
configure:7912: checking for memory.h
configure:7912: gcc -c -g -O2  conftest.c >&5
configure:7912: $? = 0
configure:7912: result: yes
configure:7912: checking for strings.h
configure:7912: gcc -c -g -O2  conftest.c >&5
configure:7912: $? = 0
configure:7912: result: yes
configure:7912: checking for inttypes.h
configure:7912: gcc -c -g -O2  conftest.c >&5
configure:7912: $? = 0
configure:7912: result: yes
configure:7912: checking for stdint.h
configure:7912: gcc -c -g -O2  conftest.c >&5
configure:7912: $? = 0
configure:7912: result: yes
configure:7912: checking for unistd.h
configure:7912: gcc -c -g -O2  conftest.c >&5
configure:7912: $? = 0
configure:7912: result: yes
configure:7926: checking for dlfcn.h
configure:7926: gcc -c -g -O2  conftest.c >&5
configure:7926: $? = 0
configure:7926: result: yes
configure:8142: checking for objdir
configure:8157: result: .libs
configure:8428: checking if gcc supports -fno-rtti -fno-exceptions
configure:8446: gcc -c -g -O2  -fno-rtti -fno-exceptions conftest.c >&5
cc1: warning: command line option '-fno-rtti' is valid for C++/ObjC++ but not for C [enabled by default]
configure:8450: $? = 0
configure:8463: result: no
configure:8790: checking for gcc option to produce PIC
configure:8797: result: -fPIC -DPIC
configure:8805: checking if gcc PIC flag -fPIC -DPIC works
configure:8823: gcc -c -g -O2  -fPIC -DPIC -DPIC conftest.c >&5
configure:8827: $? = 0
configure:8840: result: yes
configure:8869: checking if gcc static flag -static works
configure:8897: result: yes
configure:8912: checking if gcc supports -c -o file.o
configure:8933: gcc -c -g -O2  -o out/conftest2.o conftest.c >&5
configure:8937: $? = 0
configure:8959: result: yes
configure:8967: checking if gcc supports -c -o file.o
configure:9014: result: yes
configure:9047: checking whether the gcc linker (/usr/bin/ld -m elf_x86_64) supports shared libraries
configure:10204: result: yes
configure:10241: checking whether -lc should be explicitly linked in
configure:10249: gcc -c -g -O2  conftest.c >&5
configure:10252: $? = 0
configure:10267: gcc -shared  -fPIC -DPIC conftest.o  -v -Wl,-soname -Wl,conftest -o conftest 2\>\&1 \| /bin/grep  -lc  \>/dev/null 2\>\&1
configure:10270: $? = 0
configure:10284: result: no
configure:10444: checking dynamic linker characteristics
configure:10955: gcc -o conftest -g -O2   -Wl,-rpath -Wl,/foo conftest.c  >&5
configure:10955: $? = 0
configure:11189: result: GNU/Linux ld.so
configure:11296: checking how to hardcode library paths into programs
configure:11321: result: immediate
configure:11861: checking whether stripping libraries is possible
configure:11866: result: yes
configure:11901: checking if libtool supports shared libraries
configure:11903: result: yes
configure:11906: checking whether to build shared libraries
configure:11927: result: yes
configure:11930: checking whether to build static libraries
configure:11934: result: yes
configure:11957: checking how to run the C++ preprocessor
configure:11984: g++ -E  conftest.cpp
configure:11984: $? = 0
configure:11998: g++ -E  conftest.cpp
conftest.cpp:23:28: fatal error: ac_nonexistent.h: No such file or directory
 #include <ac_nonexistent.h>
                            ^
compilation terminated.
configure:11998: $? = 1
configure: failed program was:
| /* confdefs.h */
| #define PACKAGE_NAME "INSIGHTv3"
| #define PACKAGE_TARNAME "insightv3"
| #define PACKAGE_VERSION "1.0"
| #define PACKAGE_STRING "INSIGHTv3 1.0"
| #define PACKAGE_BUGREPORT "jan.mikelson@bsse.ethz.ch"
| #define PACKAGE_URL ""
| #define PACKAGE "insightv3"
| #define VERSION "1.0"
| #define STDC_HEADERS 1
| #define HAVE_SYS_TYPES_H 1
| #define HAVE_SYS_STAT_H 1
| #define HAVE_STDLIB_H 1
| #define HAVE_STRING_H 1
| #define HAVE_MEMORY_H 1
| #define HAVE_STRINGS_H 1
| #define HAVE_INTTYPES_H 1
| #define HAVE_STDINT_H 1
| #define HAVE_UNISTD_H 1
| #define HAVE_DLFCN_H 1
| #define LT_OBJDIR ".libs/"
| /* end confdefs.h.  */
| #include <ac_nonexistent.h>
configure:12023: result: g++ -E
configure:12043: g++ -E  conftest.cpp
configure:12043: $? = 0
configure:12057: g++ -E  conftest.cpp
conftest.cpp:23:28: fatal error: ac_nonexistent.h: No such file or directory
 #include <ac_nonexistent.h>
                            ^
compilation terminated.
configure:12057: $? = 1
configure: failed program was:
| /* confdefs.h */
| #define PACKAGE_NAME "INSIGHTv3"
| #define PACKAGE_TARNAME "insightv3"
| #define PACKAGE_VERSION "1.0"
| #define PACKAGE_STRING "INSIGHTv3 1.0"
| #define PACKAGE_BUGREPORT "jan.mikelson@bsse.ethz.ch"
| #define PACKAGE_URL ""
| #define PACKAGE "insightv3"
| #define VERSION "1.0"
| #define STDC_HEADERS 1
| #define HAVE_SYS_TYPES_H 1
| #define HAVE_SYS_STAT_H 1
| #define HAVE_STDLIB_H 1
| #define HAVE_STRING_H 1
| #define HAVE_MEMORY_H 1
| #define HAVE_STRINGS_H 1
| #define HAVE_INTTYPES_H 1
| #define HAVE_STDINT_H 1
| #define HAVE_UNISTD_H 1
| #define HAVE_DLFCN_H 1
| #define LT_OBJDIR ".libs/"
| /* end confdefs.h.  */
| #include <ac_nonexistent.h>
configure:12226: checking for ld used by g++
configure:12293: result: /usr/bin/ld -m elf_x86_64
configure:12300: checking if the linker (/usr/bin/ld -m elf_x86_64) is GNU ld
configure:12315: result: yes
configure:12370: checking whether the g++ linker (/usr/bin/ld -m elf_x86_64) supports shared libraries
configure:13375: result: yes
configure:13411: g++ -c -g -O2  conftest.cpp >&5
configure:13414: $? = 0
configure:13934: checking for g++ option to produce PIC
configure:13941: result: -fPIC -DPIC
configure:13949: checking if g++ PIC flag -fPIC -DPIC works
configure:13967: g++ -c -g -O2  -fPIC -DPIC -DPIC conftest.cpp >&5
configure:13971: $? = 0
configure:13984: result: yes
configure:14007: checking if g++ static flag -static works
configure:14035: result: yes
configure:14047: checking if g++ supports -c -o file.o
configure:14068: g++ -c -g -O2  -o out/conftest2.o conftest.cpp >&5
configure:14072: $? = 0
configure:14094: result: yes
configure:14099: checking if g++ supports -c -o file.o
configure:14146: result: yes
configure:14176: checking whether the g++ linker (/usr/bin/ld -m elf_x86_64) supports shared libraries
configure:14215: result: yes
configure:14356: checking dynamic linker characteristics
configure:15035: result: GNU/Linux ld.so
configure:15088: checking how to hardcode library paths into programs
configure:15113: result: immediate
configure:15230: checking for main in -lboost_program_options
configure:15249: g++ -o conftest -g -O2   conftest.cpp -lboost_program_options   >&5
configure:15249: $? = 0
configure:15258: result: yes
configure:15269: checking for main in -lboost_serialization
configure:15288: g++ -o conftest -g -O2   conftest.cpp -lboost_serialization  -lboost_program_options  >&5
configure:15288: $? = 0
configure:15297: result: yes
configure:15482: creating ./config.status

## ---------------------- ##
## Running config.status. ##
## ---------------------- ##

This file was extended by INSIGHTv3 config.status 1.0, which was
generated by GNU Autoconf 2.68.  Invocation command line was

  CONFIG_FILES    = 
  CONFIG_HEADERS  = 
  CONFIG_LINKS    = 
  CONFIG_COMMANDS = 
  $ ./config.status 

on pavpa354-pc

config.status:1078: creating Makefile
config.status:1250: executing depfiles commands
config.status:1250: executing libtool commands

## ---------------- ##
## Cache variables. ##
## ---------------- ##

ac_cv_build=x86_64-unknown-linux-gnu
ac_cv_c_compiler_gnu=yes
ac_cv_cxx_compiler_gnu=yes
ac_cv_env_CCC_set=
ac_cv_env_CCC_value=
ac_cv_env_CC_set=
ac_cv_env_CC_value=
ac_cv_env_CFLAGS_set=
ac_cv_env_CFLAGS_value=
ac_cv_env_CPPFLAGS_set=
ac_cv_env_CPPFLAGS_value=
ac_cv_env_CPP_set=
ac_cv_env_CPP_value=
ac_cv_env_CXXCPP_set=
ac_cv_env_CXXCPP_value=
ac_cv_env_CXXFLAGS_set=
ac_cv_env_CXXFLAGS_value=
ac_cv_env_CXX_set=
ac_cv_env_CXX_value=
ac_cv_env_Eigen3_CFLAGS_set=
ac_cv_env_Eigen3_CFLAGS_value=
ac_cv_env_LDFLAGS_set=
ac_cv_env_LDFLAGS_value=
ac_cv_env_LIBS_set=
ac_cv_env_LIBS_value=
ac_cv_env_MPICXX_set=
ac_cv_env_MPICXX_value=
ac_cv_env_build_alias_set=
ac_cv_env_build_alias_value=
ac_cv_env_host_alias_set=
ac_cv_env_host_alias_value=
ac_cv_env_target_alias_set=
ac_cv_env_target_alias_value=
ac_cv_header_dlfcn_h=yes
ac_cv_header_inttypes_h=yes
ac_cv_header_memory_h=yes
ac_cv_header_stdc=yes
ac_cv_header_stdint_h=yes
ac_cv_header_stdlib_h=yes
ac_cv_header_string_h=yes
ac_cv_header_strings_h=yes
ac_cv_header_sys_stat_h=yes
ac_cv_header_sys_types_h=yes
ac_cv_header_unistd_h=yes
ac_cv_host=x86_64-unknown-linux-gnu
ac_cv_lib_boost_program_options_main=yes
ac_cv_lib_boost_serialization_main=yes
ac_cv_objext=o
ac_cv_path_EGREP='/bin/grep -E'
ac_cv_path_FGREP='/bin/grep -F'
ac_cv_path_GREP=/bin/grep
ac_cv_path_SED=/bin/sed
ac_cv_path_install='/usr/bin/install -c'
ac_cv_path_mkdir=/bin/mkdir
ac_cv_prog_AWK=gawk
ac_cv_prog_CPP='gcc -E'
ac_cv_prog_CXXCPP='g++ -E'
ac_cv_prog_ac_ct_AR=ar
ac_cv_prog_ac_ct_CC=gcc
ac_cv_prog_ac_ct_CXX=g++
ac_cv_prog_ac_ct_MANIFEST_TOOL=mt
ac_cv_prog_ac_ct_OBJDUMP=objdump
ac_cv_prog_ac_ct_RANLIB=ranlib
ac_cv_prog_ac_ct_STRIP=strip
ac_cv_prog_cc_c89=
ac_cv_prog_cc_g=yes
ac_cv_prog_cxx_g=yes
ac_cv_prog_make_make_set=yes
am_cv_CC_dependencies_compiler_type=gcc3
am_cv_CXX_dependencies_compiler_type=gcc3
lt_cv_ar_at_file=@
lt_cv_archive_cmds_need_lc=no
lt_cv_deplibs_check_method=pass_all
lt_cv_file_magic_cmd='$MAGIC_CMD'
lt_cv_file_magic_test_file=
lt_cv_ld_reload_flag=-r
lt_cv_nm_interface='BSD nm'
lt_cv_objdir=.libs
lt_cv_path_LD=/usr/bin/ld
lt_cv_path_LDCXX='/usr/bin/ld -m elf_x86_64'
lt_cv_path_NM='/usr/bin/nm -B'
lt_cv_path_mainfest_tool=no
lt_cv_prog_compiler_c_o=yes
lt_cv_prog_compiler_c_o_CXX=yes
lt_cv_prog_compiler_pic='-fPIC -DPIC'
lt_cv_prog_compiler_pic_CXX='-fPIC -DPIC'
lt_cv_prog_compiler_pic_works=yes
lt_cv_prog_compiler_pic_works_CXX=yes
lt_cv_prog_compiler_rtti_exceptions=no
lt_cv_prog_compiler_static_works=yes
lt_cv_prog_compiler_static_works_CXX=yes
lt_cv_prog_gnu_ld=yes
lt_cv_prog_gnu_ldcxx=yes
lt_cv_sharedlib_from_linklib_cmd='printf %s\n'
lt_cv_shlibpath_overrides_runpath=no
lt_cv_sys_global_symbol_pipe='sed -n -e '\''s/^.*[	 ]\([ABCDGIRSTW][ABCDGIRSTW]*\)[	 ][	 ]*\([_A-Za-z][_A-Za-z0-9]*\)$/\1 \2 \2/p'\'' | sed '\''/ __gnu_lto/d'\'''
lt_cv_sys_global_symbol_to_c_name_address='sed -n -e '\''s/^: \([^ ]*\)[ ]*$/  {\"\1\", (void *) 0},/p'\'' -e '\''s/^[ABCDGIRSTW]* \([^ ]*\) \([^ ]*\)$/  {"\2", (void *) \&\2},/p'\'''
lt_cv_sys_global_symbol_to_c_name_address_lib_prefix='sed -n -e '\''s/^: \([^ ]*\)[ ]*$/  {\"\1\", (void *) 0},/p'\'' -e '\''s/^[ABCDGIRSTW]* \([^ ]*\) \(lib[^ ]*\)$/  {"\2", (void *) \&\2},/p'\'' -e '\''s/^[ABCDGIRSTW]* \([^ ]*\) \([^ ]*\)$/  {"lib\2", (void *) \&\2},/p'\'''
lt_cv_sys_global_symbol_to_cdecl='sed -n -e '\''s/^T .* \(.*\)$/extern int \1();/p'\'' -e '\''s/^[ABCDGIRSTW]* .* \(.*\)$/extern char \1;/p'\'''
lt_cv_sys_max_cmd_len=1572864
lt_cv_to_host_file_cmd=func_convert_file_noop
lt_cv_to_tool_file_cmd=func_convert_file_noop

## ----------------- ##
## Output variables. ##
## ----------------- ##

ACLOCAL='${SHELL} /home/pavol/bin/INSIGHTv3/INSIGHT/missing --run aclocal-1.11'
AMDEPBACKSLASH='\'
AMDEP_FALSE='#'
AMDEP_TRUE=''
AMTAR='$${TAR-tar}'
AR='ar'
AUTOCONF='${SHELL} /home/pavol/bin/INSIGHTv3/INSIGHT/missing --run autoconf'
AUTOHEADER='${SHELL} /home/pavol/bin/INSIGHTv3/INSIGHT/missing --run autoheader'
AUTOMAKE='${SHELL} /home/pavol/bin/INSIGHTv3/INSIGHT/missing --run automake-1.11'
AWK='gawk'
CC='gcc'
CCDEPMODE='depmode=gcc3'
CFLAGS='-g -O2'
CPP='gcc -E'
CPPFLAGS=''
CXX='g++'
CXXCPP='g++ -E'
CXXDEPMODE='depmode=gcc3'
CXXFLAGS='-g -O2'
CYGPATH_W='echo'
DEFS='-DPACKAGE_NAME=\"INSIGHTv3\" -DPACKAGE_TARNAME=\"insightv3\" -DPACKAGE_VERSION=\"1.0\" -DPACKAGE_STRING=\"INSIGHTv3\ 1.0\" -DPACKAGE_BUGREPORT=\"jan.mikelson@bsse.ethz.ch\" -DPACKAGE_URL=\"\" -DPACKAGE=\"insightv3\" -DVERSION=\"1.0\" -DSTDC_HEADERS=1 -DHAVE_SYS_TYPES_H=1 -DHAVE_SYS_STAT_H=1 -DHAVE_STDLIB_H=1 -DHAVE_STRING_H=1 -DHAVE_MEMORY_H=1 -DHAVE_STRINGS_H=1 -DHAVE_INTTYPES_H=1 -DHAVE_STDINT_H=1 -DHAVE_UNISTD_H=1 -DHAVE_DLFCN_H=1 -DLT_OBJDIR=\".libs/\" -DHAVE_LIBBOOST_PROGRAM_OPTIONS=1 -DHAVE_LIBBOOST_SERIALIZATION=1'
DEPDIR='.deps'
DLLTOOL='false'
DSYMUTIL=''
DUMPBIN=''
ECHO_C=''
ECHO_N='-n'
ECHO_T=''
EGREP='/bin/grep -E'
EXEEXT=''
Eigen3_CFLAGS='-I./eigen3.2'
FGREP='/bin/grep -F'
GREP='/bin/grep'
INSTALL_DATA='${INSTALL} -m 644'
INSTALL_PROGRAM='${INSTALL}'
INSTALL_SCRIPT='${INSTALL}'
INSTALL_STRIP_PROGRAM='$(install_sh) -c -s'
LD='/usr/bin/ld -m elf_x86_64'
LDFLAGS=''
LIBOBJS=''
LIBS='-lboost_serialization -lboost_program_options '
LIBTOOL='$(SHELL) $(top_builddir)/libtool'
LIPO=''
LN_S='ln -s'
LTLIBOBJS=''
MAKEINFO='${SHELL} /home/pavol/bin/INSIGHTv3/INSIGHT/missing --run makeinfo'
MANIFEST_TOOL=':'
MKDIR_P='/bin/mkdir -p'
MPICXX=''
NM='/usr/bin/nm -B'
NMEDIT=''
OBJDUMP='objdump'
OBJEXT='o'
OTOOL64=''
OTOOL=''
PACKAGE='insightv3'
PACKAGE_BUGREPORT='jan.mikelson@bsse.ethz.ch'
PACKAGE_NAME='INSIGHTv3'
PACKAGE_STRING='INSIGHTv3 1.0'
PACKAGE_TARNAME='insightv3'
PACKAGE_URL=''
PACKAGE_VERSION='1.0'
PATH_SEPARATOR=':'
RANLIB='ranlib'
SED='/bin/sed'
SET_MAKE=''
SHELL='/bin/bash'
STRIP='strip'
USE_MPI_FALSE=''
USE_MPI_TRUE='#'
VERSION='1.0'
ac_ct_AR='ar'
ac_ct_CC='gcc'
ac_ct_CXX='g++'
ac_ct_DUMPBIN=''
am__EXEEXT_FALSE=''
am__EXEEXT_TRUE='#'
am__fastdepCC_FALSE='#'
am__fastdepCC_TRUE=''
am__fastdepCXX_FALSE='#'
am__fastdepCXX_TRUE=''
am__include='include'
am__isrc=''
am__leading_dot='.'
am__nodep='_no'
am__quote=''
am__tar='$${TAR-tar} chof - "$$tardir"'
am__untar='$${TAR-tar} xf -'
bindir='${exec_prefix}/bin'
build='x86_64-unknown-linux-gnu'
build_alias=''
build_cpu='x86_64'
build_os='linux-gnu'
build_vendor='unknown'
datadir='${datarootdir}'
datarootdir='${prefix}/share'
docdir='${datarootdir}/doc/${PACKAGE_TARNAME}'
dvidir='${docdir}'
exec_prefix='${prefix}'
host='x86_64-unknown-linux-gnu'
host_alias=''
host_cpu='x86_64'
host_os='linux-gnu'
host_vendor='unknown'
htmldir='${docdir}'
includedir='${prefix}/include'
infodir='${datarootdir}/info'
install_sh='${SHELL} /home/pavol/bin/INSIGHTv3/INSIGHT/install-sh'
libdir='${exec_prefix}/lib'
libexecdir='${exec_prefix}/libexec'
localedir='${datarootdir}/locale'
localstatedir='${prefix}/var'
mandir='${datarootdir}/man'
mkdir_p='/bin/mkdir -p'
oldincludedir='/usr/include'
pdfdir='${docdir}'
prefix='/home/pavol/bin/INSIGHTv3/INSIGHT'
program_transform_name='s,x,x,'
psdir='${docdir}'
sbindir='${exec_prefix}/sbin'
sharedstatedir='${prefix}/com'
sysconfdir='${prefix}/etc'
target_alias=''

## ----------- ##
## confdefs.h. ##
## ----------- ##

/* confdefs.h */
#define PACKAGE_NAME "INSIGHTv3"
#define PACKAGE_TARNAME "insightv3"
#define PACKAGE_VERSION "1.0"
#define PACKAGE_STRING "INSIGHTv3 1.0"
#define PACKAGE_BUGREPORT "jan.mikelson@bsse.ethz.ch"
#define PACKAGE_URL ""
#define PACKAGE "insightv3"
#define VERSION "1.0"
#define STDC_HEADERS 1
#define HAVE_SYS_TYPES_H 1
#define HAVE_SYS_STAT_H 1
#define HAVE_STDLIB_H 1
#define HAVE_STRING_H 1
#define HAVE_MEMORY_H 1
#define HAVE_STRINGS_H 1
#define HAVE_INTTYPES_H 1
#define HAVE_STDINT_H 1
#define HAVE_UNISTD_H 1
#define HAVE_DLFCN_H 1
#define LT_OBJDIR ".libs/"
#define HAVE_LIBBOOST_PROGRAM_OPTIONS 1
#define HAVE_LIBBOOST_SERIALIZATION 1

configure: exit 0
